2019-06-01 16:27:26,942 - elsapy.elsclient - INFO - Module loaded.
2019-06-01 16:27:26,946 - elsapy.elsentity - INFO - Module loaded.
2019-06-01 16:27:26,946 - elsapy.elsprofile - INFO - Module loaded.
2019-06-01 16:27:26,949 - elsapy.elsdoc - INFO - Module loaded.
2019-06-01 16:27:26,953 - elsapy.elssearch - INFO - Module loaded.
2019-06-01 16:31:16,807 - elsapy.elsclient - INFO - Module loaded.
2019-06-01 16:31:16,808 - elsapy.elsentity - INFO - Module loaded.
2019-06-01 16:31:16,808 - elsapy.elsprofile - INFO - Module loaded.
2019-06-01 16:31:16,809 - elsapy.elsdoc - INFO - Module loaded.
2019-06-01 16:31:16,809 - elsapy.elssearch - INFO - Module loaded.
2019-06-01 16:31:50,370 - elsapy.elsclient - INFO - Module loaded.
2019-06-01 16:31:50,371 - elsapy.elsentity - INFO - Module loaded.
2019-06-01 16:31:50,372 - elsapy.elsprofile - INFO - Module loaded.
2019-06-01 16:31:50,372 - elsapy.elsdoc - INFO - Module loaded.
2019-06-01 16:31:50,373 - elsapy.elssearch - INFO - Module loaded.
2019-06-01 16:32:06,156 - elsapy.elsclient - INFO - Module loaded.
2019-06-01 16:32:06,157 - elsapy.elsentity - INFO - Module loaded.
2019-06-01 16:32:06,157 - elsapy.elsprofile - INFO - Module loaded.
2019-06-01 16:32:06,158 - elsapy.elsdoc - INFO - Module loaded.
2019-06-01 16:32:06,159 - elsapy.elssearch - INFO - Module loaded.
2019-06-01 16:32:25,935 - elsapy.elsclient - INFO - Module loaded.
2019-06-01 16:32:25,936 - elsapy.elsentity - INFO - Module loaded.
2019-06-01 16:32:25,937 - elsapy.elsprofile - INFO - Module loaded.
2019-06-01 16:32:25,937 - elsapy.elsdoc - INFO - Module loaded.
2019-06-01 16:32:25,938 - elsapy.elssearch - INFO - Module loaded.
2019-06-01 16:37:06,290 - elsapy.elsclient - INFO - Module loaded.
2019-06-01 16:37:06,291 - elsapy.elsentity - INFO - Module loaded.
2019-06-01 16:37:06,291 - elsapy.elsprofile - INFO - Module loaded.
2019-06-01 16:37:06,292 - elsapy.elsdoc - INFO - Module loaded.
2019-06-01 16:37:06,293 - elsapy.elssearch - INFO - Module loaded.
2019-06-01 16:37:57,645 - elsapy.elsclient - INFO - Module loaded.
2019-06-01 16:37:57,646 - elsapy.elsentity - INFO - Module loaded.
2019-06-01 16:37:57,646 - elsapy.elsprofile - INFO - Module loaded.
2019-06-01 16:37:57,647 - elsapy.elsdoc - INFO - Module loaded.
2019-06-01 16:37:57,647 - elsapy.elssearch - INFO - Module loaded.
2019-06-01 16:40:33,868 - elsapy.elsclient - INFO - Module loaded.
2019-06-01 16:40:59,644 - elsapy.elsclient - INFO - Module loaded.
2019-06-01 16:54:31,737 - elsapy.elsclient - INFO - Module loaded.
2019-06-01 17:01:56,044 - elsapy.elsclient - INFO - Module loaded.
2019-06-01 17:01:56,054 - elsapy.elsentity - INFO - Module loaded.
2019-06-01 17:01:56,054 - elsapy.elsprofile - INFO - Module loaded.
2019-06-01 17:01:56,056 - elsapy.elsdoc - INFO - Module loaded.
2019-06-01 17:01:56,058 - elsapy.elssearch - INFO - Module loaded.
2019-06-01 17:04:20,932 - elsapy.elsclient - INFO - Module loaded.
2019-06-01 17:08:32,809 - elsapy.elsclient - INFO - Module loaded.
2019-06-01 17:08:32,815 - elsapy.elsentity - INFO - Module loaded.
2019-06-01 17:08:32,815 - elsapy.elsprofile - INFO - Module loaded.
2019-06-01 17:08:32,818 - elsapy.elsdoc - INFO - Module loaded.
2019-06-01 17:08:32,820 - elsapy.elssearch - INFO - Module loaded.
2019-06-01 17:09:48,362 - elsapy.elsclient - INFO - Module loaded.
2019-06-01 17:09:48,367 - elsapy.elsentity - INFO - Module loaded.
2019-06-01 17:09:48,368 - elsapy.elsprofile - INFO - Module loaded.
2019-06-01 17:09:48,368 - elsapy.elsdoc - INFO - Module loaded.
2019-06-01 17:09:48,369 - elsapy.elssearch - INFO - Module loaded.
2019-06-01 17:14:41,366 - elsapy.elsclient - INFO - Module loaded.
2019-06-01 17:14:41,367 - elsapy.elsentity - INFO - Module loaded.
2019-06-01 17:14:41,367 - elsapy.elsprofile - INFO - Module loaded.
2019-06-01 17:14:41,368 - elsapy.elsdoc - INFO - Module loaded.
2019-06-01 17:14:41,368 - elsapy.elssearch - INFO - Module loaded.
2019-06-01 17:15:17,816 - elsapy.elsclient - INFO - Module loaded.
2019-06-01 17:15:17,817 - elsapy.elsentity - INFO - Module loaded.
2019-06-01 17:15:17,817 - elsapy.elsprofile - INFO - Module loaded.
2019-06-01 17:15:17,818 - elsapy.elsdoc - INFO - Module loaded.
2019-06-01 17:15:17,819 - elsapy.elssearch - INFO - Module loaded.
2019-06-01 17:15:18,822 - elsapy.elsclient - INFO - Sending GET request to https://api.elsevier.com/content/author/author_id/7004367821
2019-06-01 17:15:19,954 - elsapy.elsentity - WARNING - HTTP 401 Error from https://api.elsevier.com/content/author/author_id/7004367821
and using headers {'X-ELS-APIKey': '9d8d10a65c45d780252da98ba275f4c4', 'User-Agent': 'elsapy-v0.4.6', 'Accept': 'application/json'}:
{"service-error":{"status":{"statusCode":"AUTHORIZATION_ERROR","statusText":"The requestor is not authorized to access the requested view or fields of the resource"}}}
2019-06-01 17:15:20,958 - elsapy.elsclient - INFO - Sending GET request to https://api.elsevier.com/content/affiliation/affiliation_id/60101411
2019-06-01 17:15:21,613 - elsapy.elsentity - WARNING - HTTP 401 Error from https://api.elsevier.com/content/affiliation/affiliation_id/60101411
and using headers {'X-ELS-APIKey': '9d8d10a65c45d780252da98ba275f4c4', 'User-Agent': 'elsapy-v0.4.6', 'Accept': 'application/json'}:
{"service-error":{"status":{"statusCode":"AUTHORIZATION_ERROR","statusText":"The requestor is not authorized to access the requested view or fields of the resource"}}}
2019-06-01 17:15:22,618 - elsapy.elsclient - INFO - Sending GET request to https://api.elsevier.com/content/abstract/scopus_id/84872135457
2019-06-01 17:15:23,894 - elsapy.elsentity - INFO - Data loaded for https://api.elsevier.com/content/abstract/scopus_id/84872135457
2019-06-01 17:15:23,896 - elsapy.elsentity - INFO - Wrote https://api.elsevier.com/content/abstract/scopus_id/84872135457 to file
2019-06-01 17:15:24,899 - elsapy.elsclient - INFO - Sending GET request to https://api.elsevier.com/content/article/pii/S1674927814000082
2019-06-01 17:15:26,148 - elsapy.elsentity - INFO - Data loaded for https://api.elsevier.com/content/article/pii/S1674927814000082
2019-06-01 17:15:26,150 - elsapy.elsentity - INFO - Wrote https://api.elsevier.com/content/article/pii/S1674927814000082 to file
2019-06-01 17:15:27,149 - elsapy.elsclient - INFO - Sending GET request to https://api.elsevier.com/content/article/doi/10.1016/S1525-1578(10)60571-5
2019-06-01 17:15:28,404 - elsapy.elsentity - INFO - Data loaded for https://api.elsevier.com/content/article/doi/10.1016/S1525-1578(10)60571-5
2019-06-01 17:15:28,407 - elsapy.elsentity - INFO - Wrote https://api.elsevier.com/content/article/doi/10.1016/S1525-1578(10)60571-5 to file
2019-06-01 18:40:50,941 - elsapy.elsclient - INFO - Sending GET request to https://api.elsevier.com/content/author/author_id/7004367821?view=documents
2019-06-01 18:40:53,553 - elsapy.elsprofile - WARNING - ('HTTP 400 Error from https://api.elsevier.com/content/author/author_id/7004367821?view=documents\nand using headers {\'X-ELS-APIKey\': \'9d8d10a65c45d780252da98ba275f4c4\', \'User-Agent\': \'elsapy-v0.4.6\', \'Accept\': \'application/json\'}:\n{"service-error":{"status":{"statusCode":"INVALID_INPUT","statusText":"View parameter entered is not valid for this service"}}}',)
2019-06-01 18:40:54,558 - elsapy.elsclient - INFO - Sending GET request to https://api.elsevier.com/content/affiliation/affiliation_id/60101411?view=documents
2019-06-01 18:41:10,728 - elsapy.elsprofile - WARNING - ('HTTP 400 Error from https://api.elsevier.com/content/affiliation/affiliation_id/60101411?view=documents\nand using headers {\'X-ELS-APIKey\': \'9d8d10a65c45d780252da98ba275f4c4\', \'User-Agent\': \'elsapy-v0.4.6\', \'Accept\': \'application/json\'}:\n{"service-error":{"status":{"statusCode":"INVALID_INPUT","statusText":"View parameter entered is not valid for this service"}}}',)
2019-06-01 18:41:11,733 - elsapy.elsclient - INFO - Sending GET request to https://api.elsevier.com/content/search/author?query=authlast(keuskamp)
2019-06-01 18:41:13,613 - elsapy.elsclient - INFO - Sending GET request to https://api.elsevier.com/content/search/affiliation?query=affil(amsterdam)
2019-06-01 18:41:15,521 - elsapy.elsclient - INFO - Sending GET request to https://api.elsevier.com/content/search/scopus?query=star+trek+vs+star+wars
2019-06-01 18:41:19,848 - elsapy.elsclient - INFO - Sending GET request to https://api.elsevier.com/content/search/scopus?start=25&count=25&query=star+trek+vs+star+wars
2019-06-01 18:41:38,256 - elsapy.elsclient - INFO - Module loaded.
2019-06-01 18:41:38,257 - elsapy.elsentity - INFO - Module loaded.
2019-06-01 18:41:38,257 - elsapy.elsprofile - INFO - Module loaded.
2019-06-01 18:41:38,258 - elsapy.elsdoc - INFO - Module loaded.
2019-06-01 18:41:38,259 - elsapy.elssearch - INFO - Module loaded.
2019-06-01 18:41:39,257 - elsapy.elsclient - INFO - Sending GET request to https://api.elsevier.com/content/author/author_id/7004367821
2019-06-01 18:41:42,862 - elsapy.elsentity - INFO - Data loaded for https://api.elsevier.com/content/author/author_id/7004367821
2019-06-01 18:41:42,872 - elsapy.elsentity - INFO - Wrote https://api.elsevier.com/content/author/author_id/7004367821 to file
2019-06-01 18:41:43,862 - elsapy.elsclient - INFO - Sending GET request to https://api.elsevier.com/content/affiliation/affiliation_id/60101411
2019-06-01 18:41:44,956 - elsapy.elsentity - INFO - Data loaded for https://api.elsevier.com/content/affiliation/affiliation_id/60101411
2019-06-01 18:41:44,958 - elsapy.elsentity - INFO - Wrote https://api.elsevier.com/content/affiliation/affiliation_id/60101411 to file
2019-06-01 18:41:45,961 - elsapy.elsclient - INFO - Sending GET request to https://api.elsevier.com/content/abstract/scopus_id/84872135457
2019-06-01 18:41:48,173 - elsapy.elsentity - INFO - Data loaded for https://api.elsevier.com/content/abstract/scopus_id/84872135457
2019-06-01 18:41:48,205 - elsapy.elsentity - INFO - Wrote https://api.elsevier.com/content/abstract/scopus_id/84872135457 to file
2019-06-01 18:41:49,172 - elsapy.elsclient - INFO - Sending GET request to https://api.elsevier.com/content/article/pii/S1674927814000082
2019-06-01 18:41:50,467 - elsapy.elsentity - INFO - Data loaded for https://api.elsevier.com/content/article/pii/S1674927814000082
2019-06-01 18:41:50,471 - elsapy.elsentity - INFO - Wrote https://api.elsevier.com/content/article/pii/S1674927814000082 to file
2019-06-01 18:41:51,472 - elsapy.elsclient - INFO - Sending GET request to https://api.elsevier.com/content/article/doi/10.1016/S1525-1578(10)60571-5
2019-06-01 18:41:53,483 - elsapy.elsentity - INFO - Data loaded for https://api.elsevier.com/content/article/doi/10.1016/S1525-1578(10)60571-5
2019-06-01 18:41:53,489 - elsapy.elsentity - INFO - Wrote https://api.elsevier.com/content/article/doi/10.1016/S1525-1578(10)60571-5 to file
2019-06-01 19:05:29,299 - elsapy.elsclient - INFO - Sending GET request to https://api.elsevier.com/content/search/author?query=authlast(keuskamp)
2019-06-01 19:05:35,709 - elsapy.elsclient - INFO - Module loaded.
2019-06-01 19:05:35,714 - elsapy.elsentity - INFO - Module loaded.
2019-06-01 19:05:35,715 - elsapy.elsprofile - INFO - Module loaded.
2019-06-01 19:05:35,717 - elsapy.elsdoc - INFO - Module loaded.
2019-06-01 19:05:35,720 - elsapy.elssearch - INFO - Module loaded.
2019-06-01 19:05:36,715 - elsapy.elsclient - INFO - Sending GET request to https://api.elsevier.com/content/search/scopus?query=gene
2019-06-01 19:05:39,214 - elsapy.elsclient - INFO - Sending GET request to https://api.elsevier.com/content/search/scopus?start=25&count=25&query=gene
2019-06-01 19:05:41,466 - elsapy.elsclient - INFO - Sending GET request to https://api.elsevier.com/content/search/scopus?start=50&count=25&query=gene
2019-06-01 19:05:44,135 - elsapy.elsclient - INFO - Sending GET request to https://api.elsevier.com/content/search/scopus?start=75&count=25&query=gene
2019-06-01 19:05:46,796 - elsapy.elsclient - INFO - Sending GET request to https://api.elsevier.com/content/search/scopus?start=100&count=25&query=gene
2019-06-01 19:05:49,249 - elsapy.elsclient - INFO - Sending GET request to https://api.elsevier.com/content/search/scopus?start=125&count=25&query=gene
2019-06-01 19:05:51,707 - elsapy.elsclient - INFO - Sending GET request to https://api.elsevier.com/content/search/scopus?start=150&count=25&query=gene
2019-06-01 19:05:54,778 - elsapy.elsclient - INFO - Sending GET request to https://api.elsevier.com/content/search/scopus?start=175&count=25&query=gene
2019-06-01 19:05:57,641 - elsapy.elsclient - INFO - Sending GET request to https://api.elsevier.com/content/search/scopus?start=200&count=25&query=gene
2019-06-01 19:06:00,512 - elsapy.elsclient - INFO - Sending GET request to https://api.elsevier.com/content/search/scopus?start=225&count=25&query=gene
2019-06-01 19:06:03,791 - elsapy.elsclient - INFO - Sending GET request to https://api.elsevier.com/content/search/scopus?start=250&count=25&query=gene
2019-06-01 19:06:06,654 - elsapy.elsclient - INFO - Sending GET request to https://api.elsevier.com/content/search/scopus?start=275&count=25&query=gene
2019-06-01 19:06:09,517 - elsapy.elsclient - INFO - Sending GET request to https://api.elsevier.com/content/search/scopus?start=300&count=25&query=gene
2019-06-01 19:06:12,609 - elsapy.elsclient - INFO - Sending GET request to https://api.elsevier.com/content/search/scopus?start=325&count=25&query=gene
2019-06-01 19:06:15,668 - elsapy.elsclient - INFO - Sending GET request to https://api.elsevier.com/content/search/scopus?start=350&count=25&query=gene
2019-06-01 19:06:18,532 - elsapy.elsclient - INFO - Sending GET request to https://api.elsevier.com/content/search/scopus?start=375&count=25&query=gene
2019-06-01 19:06:21,402 - elsapy.elsclient - INFO - Sending GET request to https://api.elsevier.com/content/search/scopus?start=400&count=25&query=gene
2019-06-01 19:06:24,271 - elsapy.elsclient - INFO - Sending GET request to https://api.elsevier.com/content/search/scopus?start=425&count=25&query=gene
2019-06-01 19:06:27,545 - elsapy.elsclient - INFO - Sending GET request to https://api.elsevier.com/content/search/scopus?start=450&count=25&query=gene
2019-06-01 19:06:30,259 - elsapy.elsclient - INFO - Sending GET request to https://api.elsevier.com/content/search/scopus?start=475&count=25&query=gene
2019-06-01 19:06:33,280 - elsapy.elsclient - INFO - Sending GET request to https://api.elsevier.com/content/search/scopus?start=500&count=25&query=gene
2019-06-01 19:06:36,147 - elsapy.elsclient - INFO - Sending GET request to https://api.elsevier.com/content/search/scopus?start=525&count=25&query=gene
2019-06-01 19:06:39,216 - elsapy.elsclient - INFO - Sending GET request to https://api.elsevier.com/content/search/scopus?start=550&count=25&query=gene
2019-06-01 19:06:41,766 - elsapy.elsclient - INFO - Module loaded.
2019-06-01 19:06:41,767 - elsapy.elsentity - INFO - Module loaded.
2019-06-01 19:06:41,767 - elsapy.elsprofile - INFO - Module loaded.
2019-06-01 19:06:41,768 - elsapy.elsdoc - INFO - Module loaded.
2019-06-01 19:06:41,768 - elsapy.elssearch - INFO - Module loaded.
2019-06-01 19:06:42,771 - elsapy.elsclient - INFO - Sending GET request to https://api.elsevier.com/content/search/scopus?query=gene
2019-06-01 19:06:45,053 - elsapy.elsclient - INFO - Sending GET request to https://api.elsevier.com/content/search/scopus?start=25&count=25&query=gene
2019-06-01 19:06:47,163 - elsapy.elsclient - INFO - Sending GET request to https://api.elsevier.com/content/search/scopus?start=50&count=25&query=gene
2019-06-01 19:06:49,661 - elsapy.elsclient - INFO - Sending GET request to https://api.elsevier.com/content/search/scopus?start=75&count=25&query=gene
2019-06-01 19:06:52,197 - elsapy.elsclient - INFO - Sending GET request to https://api.elsevier.com/content/search/scopus?start=100&count=25&query=gene
2019-06-01 19:06:54,980 - elsapy.elsclient - INFO - Sending GET request to https://api.elsevier.com/content/search/scopus?start=125&count=25&query=gene
2019-06-01 19:06:57,854 - elsapy.elsclient - INFO - Sending GET request to https://api.elsevier.com/content/search/scopus?start=150&count=25&query=gene
2019-06-01 19:07:00,353 - elsapy.elsclient - INFO - Sending GET request to https://api.elsevier.com/content/search/scopus?start=175&count=25&query=gene
2019-06-01 19:07:04,200 - elsapy.elsclient - INFO - Sending GET request to https://api.elsevier.com/content/search/scopus?start=200&count=25&query=gene
2019-06-01 19:07:07,067 - elsapy.elsclient - INFO - Sending GET request to https://api.elsevier.com/content/search/scopus?start=225&count=25&query=gene
2019-06-01 19:07:09,591 - elsapy.elsclient - INFO - Sending GET request to https://api.elsevier.com/content/search/scopus?start=250&count=25&query=gene
2019-06-01 19:07:12,598 - elsapy.elsclient - INFO - Sending GET request to https://api.elsevier.com/content/search/scopus?start=275&count=25&query=gene
2019-06-01 19:07:16,027 - elsapy.elsclient - INFO - Sending GET request to https://api.elsevier.com/content/search/scopus?start=300&count=25&query=gene
2019-06-01 19:07:18,744 - elsapy.elsclient - INFO - Sending GET request to https://api.elsevier.com/content/search/scopus?start=325&count=25&query=gene
2019-06-01 19:07:21,407 - elsapy.elsclient - INFO - Sending GET request to https://api.elsevier.com/content/search/scopus?start=350&count=25&query=gene
2019-06-01 19:07:24,479 - elsapy.elsclient - INFO - Sending GET request to https://api.elsevier.com/content/search/scopus?start=375&count=25&query=gene
2019-06-01 19:07:26,984 - elsapy.elsclient - INFO - Sending GET request to https://api.elsevier.com/content/search/scopus?start=400&count=25&query=gene
2019-06-01 19:07:29,762 - elsapy.elsclient - INFO - Sending GET request to https://api.elsevier.com/content/search/scopus?start=425&count=25&query=gene
2019-06-01 19:07:32,404 - elsapy.elsclient - INFO - Sending GET request to https://api.elsevier.com/content/search/scopus?start=450&count=25&query=gene
2019-06-01 19:07:35,327 - elsapy.elsclient - INFO - Sending GET request to https://api.elsevier.com/content/search/scopus?start=475&count=25&query=gene
2019-06-01 19:07:38,202 - elsapy.elsclient - INFO - Sending GET request to https://api.elsevier.com/content/search/scopus?start=500&count=25&query=gene
2019-06-01 19:07:41,068 - elsapy.elsclient - INFO - Sending GET request to https://api.elsevier.com/content/search/scopus?start=525&count=25&query=gene
2019-06-01 19:07:44,344 - elsapy.elsclient - INFO - Sending GET request to https://api.elsevier.com/content/search/scopus?start=550&count=25&query=gene
2019-06-01 19:07:47,621 - elsapy.elsclient - INFO - Sending GET request to https://api.elsevier.com/content/search/scopus?start=575&count=25&query=gene
2019-06-01 19:07:50,899 - elsapy.elsclient - INFO - Sending GET request to https://api.elsevier.com/content/search/scopus?start=600&count=25&query=gene
2019-06-01 19:07:54,078 - elsapy.elsclient - INFO - Sending GET request to https://api.elsevier.com/content/search/scopus?start=625&count=25&query=gene
2019-06-01 19:07:58,473 - elsapy.elsclient - INFO - Sending GET request to https://api.elsevier.com/content/search/scopus?start=650&count=25&query=gene
2019-06-01 19:08:01,956 - elsapy.elsclient - INFO - Sending GET request to https://api.elsevier.com/content/search/scopus?start=675&count=25&query=gene
2019-06-01 19:08:05,444 - elsapy.elsclient - INFO - Sending GET request to https://api.elsevier.com/content/search/scopus?start=700&count=25&query=gene
2019-06-01 19:08:08,510 - elsapy.elsclient - INFO - Sending GET request to https://api.elsevier.com/content/search/scopus?start=725&count=25&query=gene
2019-06-01 19:08:11,783 - elsapy.elsclient - INFO - Sending GET request to https://api.elsevier.com/content/search/scopus?start=750&count=25&query=gene
2019-06-01 19:08:15,269 - elsapy.elsclient - INFO - Sending GET request to https://api.elsevier.com/content/search/scopus?start=775&count=25&query=gene
2019-06-01 19:08:18,330 - elsapy.elsclient - INFO - Sending GET request to https://api.elsevier.com/content/search/scopus?start=800&count=25&query=gene
2019-06-01 19:08:21,614 - elsapy.elsclient - INFO - Sending GET request to https://api.elsevier.com/content/search/scopus?start=825&count=25&query=gene
2019-06-01 19:08:24,893 - elsapy.elsclient - INFO - Sending GET request to https://api.elsevier.com/content/search/scopus?start=850&count=25&query=gene
2019-06-01 19:08:28,594 - elsapy.elsclient - INFO - Sending GET request to https://api.elsevier.com/content/search/scopus?start=875&count=25&query=gene
2019-06-01 19:08:31,852 - elsapy.elsclient - INFO - Sending GET request to https://api.elsevier.com/content/search/scopus?start=900&count=25&query=gene
2019-06-01 19:08:35,132 - elsapy.elsclient - INFO - Sending GET request to https://api.elsevier.com/content/search/scopus?start=925&count=25&query=gene
2019-06-01 19:08:38,410 - elsapy.elsclient - INFO - Sending GET request to https://api.elsevier.com/content/search/scopus?start=950&count=25&query=gene
2019-06-01 19:08:41,682 - elsapy.elsclient - INFO - Sending GET request to https://api.elsevier.com/content/search/scopus?start=975&count=25&query=gene
2019-06-01 19:08:45,405 - elsapy.elsclient - INFO - Sending GET request to https://api.elsevier.com/content/search/scopus?start=1000&count=25&query=gene
2019-06-01 19:08:48,855 - elsapy.elsclient - INFO - Sending GET request to https://api.elsevier.com/content/search/scopus?start=1025&count=25&query=gene
2019-06-01 19:09:28,295 - elsapy.elsclient - INFO - Module loaded.
2019-06-01 19:09:28,299 - elsapy.elsentity - INFO - Module loaded.
2019-06-01 19:09:28,299 - elsapy.elsprofile - INFO - Module loaded.
2019-06-01 19:09:28,302 - elsapy.elsdoc - INFO - Module loaded.
2019-06-01 19:09:28,310 - elsapy.elssearch - INFO - Module loaded.
2019-06-01 19:09:29,300 - elsapy.elsclient - INFO - Sending GET request to https://api.elsevier.com/content/search/scopus?query=gene
2019-06-01 19:09:32,063 - elsapy.elsclient - INFO - Sending GET request to https://api.elsevier.com/content/search/scopus?start=25&count=25&query=gene
2019-06-01 19:09:34,525 - elsapy.elsclient - INFO - Sending GET request to https://api.elsevier.com/content/search/scopus?start=50&count=25&query=gene
2019-06-01 19:09:36,983 - elsapy.elsclient - INFO - Sending GET request to https://api.elsevier.com/content/search/scopus?start=75&count=25&query=gene
2019-06-01 19:09:39,445 - elsapy.elsclient - INFO - Sending GET request to https://api.elsevier.com/content/search/scopus?start=100&count=25&query=gene
2019-06-01 19:09:42,097 - elsapy.elsclient - INFO - Sending GET request to https://api.elsevier.com/content/search/scopus?start=125&count=25&query=gene
2019-06-01 19:09:44,969 - elsapy.elsclient - INFO - Sending GET request to https://api.elsevier.com/content/search/scopus?start=150&count=25&query=gene
2019-06-01 19:09:47,631 - elsapy.elsclient - INFO - Sending GET request to https://api.elsevier.com/content/search/scopus?start=175&count=25&query=gene
2019-06-01 19:09:50,499 - elsapy.elsclient - INFO - Sending GET request to https://api.elsevier.com/content/search/scopus?start=200&count=25&query=gene
2019-06-01 19:09:53,068 - elsapy.elsclient - INFO - Sending GET request to https://api.elsevier.com/content/search/scopus?start=225&count=25&query=gene
2019-06-01 19:09:55,820 - elsapy.elsclient - INFO - Sending GET request to https://api.elsevier.com/content/search/scopus?start=250&count=25&query=gene
2019-06-01 19:09:58,686 - elsapy.elsclient - INFO - Sending GET request to https://api.elsevier.com/content/search/scopus?start=275&count=25&query=gene
2019-06-01 19:10:01,558 - elsapy.elsclient - INFO - Sending GET request to https://api.elsevier.com/content/search/scopus?start=300&count=25&query=gene
2019-06-01 19:10:04,653 - elsapy.elsclient - INFO - Sending GET request to https://api.elsevier.com/content/search/scopus?start=325&count=25&query=gene
2019-06-01 19:10:07,294 - elsapy.elsclient - INFO - Sending GET request to https://api.elsevier.com/content/search/scopus?start=350&count=25&query=gene
2019-06-01 19:10:10,162 - elsapy.elsclient - INFO - Sending GET request to https://api.elsevier.com/content/search/scopus?start=375&count=25&query=gene
2019-06-01 19:10:12,770 - elsapy.elsclient - INFO - Sending GET request to https://api.elsevier.com/content/search/scopus?start=400&count=25&query=gene
2019-06-01 19:10:15,509 - elsapy.elsclient - INFO - Sending GET request to https://api.elsevier.com/content/search/scopus?start=425&count=25&query=gene
2019-06-01 19:10:18,212 - elsapy.elsclient - INFO - Sending GET request to https://api.elsevier.com/content/search/scopus?start=450&count=25&query=gene
2019-06-01 19:10:21,014 - elsapy.elsclient - INFO - Sending GET request to https://api.elsevier.com/content/search/scopus?start=475&count=25&query=gene
2019-06-01 19:10:23,882 - elsapy.elsclient - INFO - Sending GET request to https://api.elsevier.com/content/search/scopus?start=500&count=25&query=gene
2019-06-01 19:10:26,953 - elsapy.elsclient - INFO - Sending GET request to https://api.elsevier.com/content/search/scopus?start=525&count=25&query=gene
2019-06-01 19:10:30,025 - elsapy.elsclient - INFO - Sending GET request to https://api.elsevier.com/content/search/scopus?start=550&count=25&query=gene
2019-06-01 19:10:33,299 - elsapy.elsclient - INFO - Sending GET request to https://api.elsevier.com/content/search/scopus?start=575&count=25&query=gene
2019-06-01 19:10:36,371 - elsapy.elsclient - INFO - Sending GET request to https://api.elsevier.com/content/search/scopus?start=600&count=25&query=gene
2019-06-01 19:10:39,647 - elsapy.elsclient - INFO - Sending GET request to https://api.elsevier.com/content/search/scopus?start=625&count=25&query=gene
2019-06-01 19:10:42,721 - elsapy.elsclient - INFO - Sending GET request to https://api.elsevier.com/content/search/scopus?start=650&count=25&query=gene
2019-06-01 19:10:45,584 - elsapy.elsclient - INFO - Sending GET request to https://api.elsevier.com/content/search/scopus?start=675&count=25&query=gene
2019-06-01 19:10:48,351 - elsapy.elsclient - INFO - Sending GET request to https://api.elsevier.com/content/search/scopus?start=700&count=25&query=gene
2019-06-01 19:10:51,527 - elsapy.elsclient - INFO - Sending GET request to https://api.elsevier.com/content/search/scopus?start=725&count=25&query=gene
2019-06-01 19:10:54,598 - elsapy.elsclient - INFO - Sending GET request to https://api.elsevier.com/content/search/scopus?start=750&count=25&query=gene
2019-06-01 19:10:57,875 - elsapy.elsclient - INFO - Sending GET request to https://api.elsevier.com/content/search/scopus?start=775&count=25&query=gene
2019-06-01 19:11:01,330 - elsapy.elsclient - INFO - Sending GET request to https://api.elsevier.com/content/search/scopus?start=800&count=25&query=gene
2019-06-01 19:11:06,266 - elsapy.elsclient - INFO - Sending GET request to https://api.elsevier.com/content/search/scopus?start=825&count=25&query=gene
2019-06-01 19:14:00,944 - elsapy.elsclient - INFO - Module loaded.
2019-06-01 19:14:00,945 - elsapy.elsentity - INFO - Module loaded.
2019-06-01 19:14:00,945 - elsapy.elsprofile - INFO - Module loaded.
2019-06-01 19:14:00,946 - elsapy.elsdoc - INFO - Module loaded.
2019-06-01 19:14:00,946 - elsapy.elssearch - INFO - Module loaded.
2019-06-01 19:14:01,945 - elsapy.elsclient - INFO - Sending GET request to https://api.elsevier.com/content/search/scopus?query=gene
2019-06-01 19:14:04,654 - elsapy.elsclient - INFO - Sending GET request to https://api.elsevier.com/content/search/scopus?start=25&count=25&query=gene
2019-06-01 19:14:07,320 - elsapy.elsclient - INFO - Sending GET request to https://api.elsevier.com/content/search/scopus?start=50&count=25&query=gene
2019-06-01 19:14:09,790 - elsapy.elsclient - INFO - Sending GET request to https://api.elsevier.com/content/search/scopus?start=75&count=25&query=gene
2019-06-01 19:14:12,454 - elsapy.elsclient - INFO - Sending GET request to https://api.elsevier.com/content/search/scopus?start=100&count=25&query=gene
2019-06-01 19:14:14,909 - elsapy.elsclient - INFO - Sending GET request to https://api.elsevier.com/content/search/scopus?start=125&count=25&query=gene
2019-06-01 19:14:17,365 - elsapy.elsclient - INFO - Sending GET request to https://api.elsevier.com/content/search/scopus?start=150&count=25&query=gene
2019-06-01 19:14:20,339 - elsapy.elsclient - INFO - Sending GET request to https://api.elsevier.com/content/search/scopus?start=175&count=25&query=gene
2019-06-01 19:14:23,209 - elsapy.elsclient - INFO - Sending GET request to https://api.elsevier.com/content/search/scopus?start=200&count=25&query=gene
2019-06-01 19:14:25,970 - elsapy.elsclient - INFO - Sending GET request to https://api.elsevier.com/content/search/scopus?start=225&count=25&query=gene
2019-06-01 19:14:28,497 - elsapy.elsclient - INFO - Sending GET request to https://api.elsevier.com/content/search/scopus?start=250&count=25&query=gene
2019-06-01 19:14:31,089 - elsapy.elsclient - INFO - Sending GET request to https://api.elsevier.com/content/search/scopus?start=275&count=25&query=gene
2019-06-01 19:14:33,588 - elsapy.elsclient - INFO - Sending GET request to https://api.elsevier.com/content/search/scopus?start=300&count=25&query=gene
2019-06-01 19:14:36,101 - elsapy.elsclient - INFO - Sending GET request to https://api.elsevier.com/content/search/scopus?start=325&count=25&query=gene
2019-06-01 19:14:38,626 - elsapy.elsclient - INFO - Sending GET request to https://api.elsevier.com/content/search/scopus?start=350&count=25&query=gene
2019-06-01 19:14:41,131 - elsapy.elsclient - INFO - Sending GET request to https://api.elsevier.com/content/search/scopus?start=375&count=25&query=gene
2019-06-01 19:14:43,990 - elsapy.elsclient - INFO - Sending GET request to https://api.elsevier.com/content/search/scopus?start=400&count=25&query=gene
2019-06-01 19:14:46,664 - elsapy.elsclient - INFO - Sending GET request to https://api.elsevier.com/content/search/scopus?start=425&count=25&query=gene
2019-06-01 19:14:49,727 - elsapy.elsclient - INFO - Sending GET request to https://api.elsevier.com/content/search/scopus?start=450&count=25&query=gene
2019-06-01 19:14:52,797 - elsapy.elsclient - INFO - Sending GET request to https://api.elsevier.com/content/search/scopus?start=475&count=25&query=gene
2019-06-01 19:14:55,470 - elsapy.elsclient - INFO - Sending GET request to https://api.elsevier.com/content/search/scopus?start=500&count=25&query=gene
2019-06-01 19:14:58,325 - elsapy.elsclient - INFO - Sending GET request to https://api.elsevier.com/content/search/scopus?start=525&count=25&query=gene
2019-06-01 19:15:01,194 - elsapy.elsclient - INFO - Sending GET request to https://api.elsevier.com/content/search/scopus?start=550&count=25&query=gene
2019-06-01 19:15:04,795 - elsapy.elsclient - INFO - Sending GET request to https://api.elsevier.com/content/search/scopus?start=575&count=25&query=gene
2019-06-01 19:15:07,745 - elsapy.elsclient - INFO - Sending GET request to https://api.elsevier.com/content/search/scopus?start=600&count=25&query=gene
2019-06-01 19:15:10,819 - elsapy.elsclient - INFO - Sending GET request to https://api.elsevier.com/content/search/scopus?start=625&count=25&query=gene
2019-06-01 19:15:14,507 - elsapy.elsclient - INFO - Sending GET request to https://api.elsevier.com/content/search/scopus?start=650&count=25&query=gene
2019-06-01 19:15:18,398 - elsapy.elsclient - INFO - Sending GET request to https://api.elsevier.com/content/search/scopus?start=675&count=25&query=gene
2019-06-01 19:15:21,284 - elsapy.elsclient - INFO - Sending GET request to https://api.elsevier.com/content/search/scopus?start=700&count=25&query=gene
2019-06-01 19:15:24,337 - elsapy.elsclient - INFO - Sending GET request to https://api.elsevier.com/content/search/scopus?start=725&count=25&query=gene
2019-06-01 19:15:27,618 - elsapy.elsclient - INFO - Sending GET request to https://api.elsevier.com/content/search/scopus?start=750&count=25&query=gene
2019-06-01 19:15:30,684 - elsapy.elsclient - INFO - Sending GET request to https://api.elsevier.com/content/search/scopus?start=775&count=25&query=gene
2019-06-01 19:15:34,104 - elsapy.elsclient - INFO - Sending GET request to https://api.elsevier.com/content/search/scopus?start=800&count=25&query=gene
2019-06-01 19:15:37,639 - elsapy.elsclient - INFO - Sending GET request to https://api.elsevier.com/content/search/scopus?start=825&count=25&query=gene
2019-06-01 19:15:40,517 - elsapy.elsclient - INFO - Sending GET request to https://api.elsevier.com/content/search/scopus?start=850&count=25&query=gene
2019-06-01 19:15:43,994 - elsapy.elsclient - INFO - Sending GET request to https://api.elsevier.com/content/search/scopus?start=875&count=25&query=gene
2019-06-01 19:15:47,485 - elsapy.elsclient - INFO - Sending GET request to https://api.elsevier.com/content/search/scopus?start=900&count=25&query=gene
2019-06-01 19:15:50,522 - elsapy.elsclient - INFO - Sending GET request to https://api.elsevier.com/content/search/scopus?start=925&count=25&query=gene
2019-06-01 19:15:53,620 - elsapy.elsclient - INFO - Sending GET request to https://api.elsevier.com/content/search/scopus?start=950&count=25&query=gene
2019-06-01 19:15:56,898 - elsapy.elsclient - INFO - Sending GET request to https://api.elsevier.com/content/search/scopus?start=975&count=25&query=gene
2019-06-01 19:16:00,174 - elsapy.elsclient - INFO - Sending GET request to https://api.elsevier.com/content/search/scopus?start=1000&count=25&query=gene
2019-06-01 19:16:04,068 - elsapy.elsclient - INFO - Sending GET request to https://api.elsevier.com/content/search/scopus?start=1025&count=25&query=gene
2019-06-01 19:16:07,550 - elsapy.elsclient - INFO - Sending GET request to https://api.elsevier.com/content/search/scopus?start=1050&count=25&query=gene
2019-06-01 19:16:11,027 - elsapy.elsclient - INFO - Sending GET request to https://api.elsevier.com/content/search/scopus?start=1075&count=25&query=gene
2019-06-01 19:16:14,718 - elsapy.elsclient - INFO - Sending GET request to https://api.elsevier.com/content/search/scopus?start=1100&count=25&query=gene
2019-06-01 19:16:18,455 - elsapy.elsclient - INFO - Sending GET request to https://api.elsevier.com/content/search/scopus?start=1125&count=25&query=gene
2019-06-01 19:16:22,100 - elsapy.elsclient - INFO - Sending GET request to https://api.elsevier.com/content/search/scopus?start=1150&count=25&query=gene
2019-06-01 19:16:25,683 - elsapy.elsclient - INFO - Sending GET request to https://api.elsevier.com/content/search/scopus?start=1175&count=25&query=gene
2019-06-01 19:16:29,258 - elsapy.elsclient - INFO - Sending GET request to https://api.elsevier.com/content/search/scopus?start=1200&count=25&query=gene
2019-06-01 19:16:32,740 - elsapy.elsclient - INFO - Sending GET request to https://api.elsevier.com/content/search/scopus?start=1225&count=25&query=gene
2019-06-01 19:16:36,218 - elsapy.elsclient - INFO - Sending GET request to https://api.elsevier.com/content/search/scopus?start=1250&count=25&query=gene
2019-06-01 19:16:39,901 - elsapy.elsclient - INFO - Sending GET request to https://api.elsevier.com/content/search/scopus?start=1275&count=25&query=gene
2019-06-01 19:16:43,703 - elsapy.elsclient - INFO - Module loaded.
2019-06-01 19:16:43,704 - elsapy.elsentity - INFO - Module loaded.
2019-06-01 19:16:43,705 - elsapy.elsprofile - INFO - Module loaded.
2019-06-01 19:16:43,706 - elsapy.elsdoc - INFO - Module loaded.
2019-06-01 19:16:43,707 - elsapy.elssearch - INFO - Module loaded.
2019-06-01 19:16:44,708 - elsapy.elsclient - INFO - Sending GET request to https://api.elsevier.com/content/author/author_id/7004367821
2019-06-01 19:16:45,422 - elsapy.elsentity - WARNING - HTTP 401 Error from https://api.elsevier.com/content/author/author_id/7004367821
and using headers {'X-ELS-APIKey': '9d8d10a65c45d780252da98ba275f4c4', 'User-Agent': 'elsapy-v0.4.6', 'Accept': 'application/json'}:
{"service-error":{"status":{"statusCode":"AUTHORIZATION_ERROR","statusText":"The requestor is not authorized to access the requested view or fields of the resource"}}}
2019-06-01 19:16:46,425 - elsapy.elsclient - INFO - Sending GET request to https://api.elsevier.com/content/affiliation/affiliation_id/60101411
2019-06-01 19:16:47,140 - elsapy.elsentity - WARNING - HTTP 401 Error from https://api.elsevier.com/content/affiliation/affiliation_id/60101411
and using headers {'X-ELS-APIKey': '9d8d10a65c45d780252da98ba275f4c4', 'User-Agent': 'elsapy-v0.4.6', 'Accept': 'application/json'}:
{"service-error":{"status":{"statusCode":"AUTHORIZATION_ERROR","statusText":"The requestor is not authorized to access the requested view or fields of the resource"}}}
2019-06-01 19:16:48,143 - elsapy.elsclient - INFO - Sending GET request to https://api.elsevier.com/content/abstract/scopus_id/84872135457
2019-06-01 19:16:48,898 - elsapy.elsentity - INFO - Data loaded for https://api.elsevier.com/content/abstract/scopus_id/84872135457
2019-06-01 19:16:48,900 - elsapy.elsentity - INFO - Wrote https://api.elsevier.com/content/abstract/scopus_id/84872135457 to file
2019-06-01 19:16:49,898 - elsapy.elsclient - INFO - Sending GET request to https://api.elsevier.com/content/article/pii/S1674927814000082
2019-06-01 19:16:50,901 - elsapy.elsentity - INFO - Data loaded for https://api.elsevier.com/content/article/pii/S1674927814000082
2019-06-01 19:16:50,904 - elsapy.elsentity - INFO - Wrote https://api.elsevier.com/content/article/pii/S1674927814000082 to file
2019-06-01 19:16:51,906 - elsapy.elsclient - INFO - Sending GET request to https://api.elsevier.com/content/article/doi/10.1016/S1525-1578(10)60571-5
2019-06-01 19:16:52,973 - elsapy.elsentity - INFO - Data loaded for https://api.elsevier.com/content/article/doi/10.1016/S1525-1578(10)60571-5
2019-06-01 19:16:52,976 - elsapy.elsentity - INFO - Wrote https://api.elsevier.com/content/article/doi/10.1016/S1525-1578(10)60571-5 to file
2019-06-01 19:16:57,261 - elsapy.elsclient - INFO - Sending GET request to https://api.elsevier.com/content/search/author?query=authlast(keuskamp)
2019-06-01 19:20:47,149 - elsapy.elsclient - INFO - Module loaded.
2019-06-01 19:20:47,151 - elsapy.elsentity - INFO - Module loaded.
2019-06-01 19:20:47,152 - elsapy.elsprofile - INFO - Module loaded.
2019-06-01 19:20:47,153 - elsapy.elsdoc - INFO - Module loaded.
2019-06-01 19:20:47,153 - elsapy.elssearch - INFO - Module loaded.
2019-06-01 19:20:48,152 - elsapy.elsclient - INFO - Sending GET request to https://api.elsevier.com/content/search/affiliation?query=affil(amsterdam)
2019-06-01 19:29:05,886 - elsapy.elsclient - INFO - Module loaded.
2019-06-01 19:29:05,887 - elsapy.elsentity - INFO - Module loaded.
2019-06-01 19:29:05,888 - elsapy.elsprofile - INFO - Module loaded.
2019-06-01 19:29:05,888 - elsapy.elsdoc - INFO - Module loaded.
2019-06-01 19:29:05,892 - elsapy.elssearch - INFO - Module loaded.
2019-06-01 19:29:06,888 - elsapy.elsclient - INFO - Sending GET request to https://api.elsevier.com/content/search/scopusaffiliation?query=affil(amsterdam)
2019-06-01 19:29:32,661 - elsapy.elsclient - INFO - Module loaded.
2019-06-01 19:29:32,662 - elsapy.elsentity - INFO - Module loaded.
2019-06-01 19:29:32,662 - elsapy.elsprofile - INFO - Module loaded.
2019-06-01 19:29:32,662 - elsapy.elsdoc - INFO - Module loaded.
2019-06-01 19:29:32,663 - elsapy.elssearch - INFO - Module loaded.
2019-06-01 19:29:33,666 - elsapy.elsclient - INFO - Sending GET request to https://api.elsevier.com/content/author/author_id/7004367821
2019-06-01 19:29:34,400 - elsapy.elsentity - WARNING - HTTP 401 Error from https://api.elsevier.com/content/author/author_id/7004367821
and using headers {'X-ELS-APIKey': '9d8d10a65c45d780252da98ba275f4c4', 'User-Agent': 'elsapy-v0.4.6', 'Accept': 'application/json'}:
{"service-error":{"status":{"statusCode":"AUTHORIZATION_ERROR","statusText":"The requestor is not authorized to access the requested view or fields of the resource"}}}
2019-06-01 19:30:41,337 - elsapy.elsclient - INFO - Module loaded.
2019-06-01 19:30:41,338 - elsapy.elsentity - INFO - Module loaded.
2019-06-01 19:30:41,338 - elsapy.elsprofile - INFO - Module loaded.
2019-06-01 19:30:41,339 - elsapy.elsdoc - INFO - Module loaded.
2019-06-01 19:30:41,339 - elsapy.elssearch - INFO - Module loaded.
2019-06-01 19:30:42,337 - elsapy.elsclient - INFO - Sending GET request to https://api.elsevier.com/content/author/author_id/7004367821
2019-06-01 19:30:43,251 - elsapy.elsentity - WARNING - HTTP 401 Error from https://api.elsevier.com/content/author/author_id/7004367821
and using headers {'X-ELS-APIKey': '9d8d10a65c45d780252da98ba275f4c4', 'User-Agent': 'elsapy-v0.4.6', 'Accept': 'application/json'}:
{"service-error":{"status":{"statusCode":"AUTHORIZATION_ERROR","statusText":"The requestor is not authorized to access the requested view or fields of the resource"}}}
2019-06-01 19:31:21,895 - elsapy.elsclient - INFO - Module loaded.
2019-06-01 19:31:21,896 - elsapy.elsentity - INFO - Module loaded.
2019-06-01 19:31:21,896 - elsapy.elsprofile - INFO - Module loaded.
2019-06-01 19:31:21,896 - elsapy.elsdoc - INFO - Module loaded.
2019-06-01 19:31:21,897 - elsapy.elssearch - INFO - Module loaded.
2019-06-01 19:31:22,900 - elsapy.elsclient - INFO - Sending GET request to https://api.elsevier.com/content/author/author_id/7004367821
2019-06-01 19:31:23,724 - elsapy.elsentity - WARNING - HTTP 401 Error from https://api.elsevier.com/content/author/author_id/7004367821
and using headers {'X-ELS-APIKey': '9d8d10a65c45d780252da98ba275f4c4', 'User-Agent': 'elsapy-v0.4.6', 'Accept': 'application/json'}:
{"service-error":{"status":{"statusCode":"AUTHORIZATION_ERROR","statusText":"The requestor is not authorized to access the requested view or fields of the resource"}}}
2019-06-01 19:31:24,729 - elsapy.elsclient - INFO - Sending GET request to https://api.elsevier.com/content/affiliation/affiliation_id/60101411
2019-06-01 19:31:25,494 - elsapy.elsentity - WARNING - HTTP 401 Error from https://api.elsevier.com/content/affiliation/affiliation_id/60101411
and using headers {'X-ELS-APIKey': '9d8d10a65c45d780252da98ba275f4c4', 'User-Agent': 'elsapy-v0.4.6', 'Accept': 'application/json'}:
{"service-error":{"status":{"statusCode":"AUTHORIZATION_ERROR","statusText":"The requestor is not authorized to access the requested view or fields of the resource"}}}
2019-06-01 19:31:56,270 - elsapy.elsclient - INFO - Module loaded.
2019-06-01 19:31:56,274 - elsapy.elsentity - INFO - Module loaded.
2019-06-01 19:31:56,283 - elsapy.elsprofile - INFO - Module loaded.
2019-06-01 19:31:56,285 - elsapy.elsdoc - INFO - Module loaded.
2019-06-01 19:31:56,286 - elsapy.elssearch - INFO - Module loaded.
2019-06-01 19:31:57,277 - elsapy.elsclient - INFO - Sending GET request to https://api.elsevier.com/content/author/author_id/7004367821
2019-06-01 19:31:57,925 - elsapy.elsentity - WARNING - HTTP 401 Error from https://api.elsevier.com/content/author/author_id/7004367821
and using headers {'X-ELS-APIKey': '9d8d10a65c45d780252da98ba275f4c4', 'User-Agent': 'elsapy-v0.4.6', 'Accept': 'application/json'}:
{"service-error":{"status":{"statusCode":"AUTHORIZATION_ERROR","statusText":"The requestor is not authorized to access the requested view or fields of the resource"}}}
2019-06-01 19:31:58,926 - elsapy.elsclient - INFO - Sending GET request to https://api.elsevier.com/content/affiliation/affiliation_id/60101411
2019-06-01 19:31:59,566 - elsapy.elsentity - WARNING - HTTP 401 Error from https://api.elsevier.com/content/affiliation/affiliation_id/60101411
and using headers {'X-ELS-APIKey': '9d8d10a65c45d780252da98ba275f4c4', 'User-Agent': 'elsapy-v0.4.6', 'Accept': 'application/json'}:
{"service-error":{"status":{"statusCode":"AUTHORIZATION_ERROR","statusText":"The requestor is not authorized to access the requested view or fields of the resource"}}}
2019-06-01 19:32:00,567 - elsapy.elsclient - INFO - Sending GET request to https://api.elsevier.com/content/abstract/scopus_id/84872135457
2019-06-01 19:32:01,490 - elsapy.elsentity - INFO - Data loaded for https://api.elsevier.com/content/abstract/scopus_id/84872135457
2019-06-01 19:32:01,492 - elsapy.elsentity - INFO - Wrote https://api.elsevier.com/content/abstract/scopus_id/84872135457 to file
2019-06-01 19:41:42,643 - elsapy.elsclient - INFO - Module loaded.
2019-06-01 19:41:42,644 - elsapy.elsentity - INFO - Module loaded.
2019-06-01 19:41:42,644 - elsapy.elsprofile - INFO - Module loaded.
2019-06-01 19:41:42,645 - elsapy.elsdoc - INFO - Module loaded.
2019-06-01 19:41:42,646 - elsapy.elssearch - INFO - Module loaded.
2019-06-01 19:41:43,647 - elsapy.elsclient - INFO - Sending GET request to https://api.elsevier.com/content/author/author_id/7004367821
2019-06-01 19:41:45,677 - elsapy.elsentity - WARNING - HTTP 401 Error from https://api.elsevier.com/content/author/author_id/7004367821
and using headers {'X-ELS-APIKey': '9d8d10a65c45d780252da98ba275f4c4', 'User-Agent': 'elsapy-v0.4.6', 'Accept': 'application/json'}:
{"service-error":{"status":{"statusCode":"AUTHORIZATION_ERROR","statusText":"The requestor is not authorized to access the requested view or fields of the resource"}}}
2019-06-01 19:41:46,682 - elsapy.elsclient - INFO - Sending GET request to https://api.elsevier.com/content/affiliation/affiliation_id/60101411
2019-06-01 19:41:47,345 - elsapy.elsentity - WARNING - HTTP 401 Error from https://api.elsevier.com/content/affiliation/affiliation_id/60101411
and using headers {'X-ELS-APIKey': '9d8d10a65c45d780252da98ba275f4c4', 'User-Agent': 'elsapy-v0.4.6', 'Accept': 'application/json'}:
{"service-error":{"status":{"statusCode":"AUTHORIZATION_ERROR","statusText":"The requestor is not authorized to access the requested view or fields of the resource"}}}
2019-06-01 19:41:48,350 - elsapy.elsclient - INFO - Sending GET request to https://api.elsevier.com/content/abstract/scopus_id/84872135457
2019-06-01 19:41:54,526 - elsapy.elsentity - INFO - Data loaded for https://api.elsevier.com/content/abstract/scopus_id/84872135457
2019-06-01 19:41:54,528 - elsapy.elsentity - INFO - Wrote https://api.elsevier.com/content/abstract/scopus_id/84872135457 to file
2019-06-01 19:41:55,527 - elsapy.elsclient - INFO - Sending GET request to https://api.elsevier.com/content/search/scopusscopus?query=gene
2019-06-01 19:42:44,473 - elsapy.elsclient - INFO - Module loaded.
2019-06-01 19:42:44,474 - elsapy.elsentity - INFO - Module loaded.
2019-06-01 19:42:44,475 - elsapy.elsprofile - INFO - Module loaded.
2019-06-01 19:42:44,476 - elsapy.elsdoc - INFO - Module loaded.
2019-06-01 19:42:44,484 - elsapy.elssearch - INFO - Module loaded.
2019-06-01 19:42:45,474 - elsapy.elsclient - INFO - Sending GET request to https://api.elsevier.com/content/author/author_id/7004367821
2019-06-01 19:42:46,211 - elsapy.elsentity - WARNING - HTTP 401 Error from https://api.elsevier.com/content/author/author_id/7004367821
and using headers {'X-ELS-APIKey': '9d8d10a65c45d780252da98ba275f4c4', 'User-Agent': 'elsapy-v0.4.6', 'Accept': 'application/json'}:
{"service-error":{"status":{"statusCode":"AUTHORIZATION_ERROR","statusText":"The requestor is not authorized to access the requested view or fields of the resource"}}}
2019-06-01 19:42:47,216 - elsapy.elsclient - INFO - Sending GET request to https://api.elsevier.com/content/affiliation/affiliation_id/60101411
2019-06-01 19:42:48,101 - elsapy.elsentity - WARNING - HTTP 401 Error from https://api.elsevier.com/content/affiliation/affiliation_id/60101411
and using headers {'X-ELS-APIKey': '9d8d10a65c45d780252da98ba275f4c4', 'User-Agent': 'elsapy-v0.4.6', 'Accept': 'application/json'}:
{"service-error":{"status":{"statusCode":"AUTHORIZATION_ERROR","statusText":"The requestor is not authorized to access the requested view or fields of the resource"}}}
2019-06-01 19:42:49,106 - elsapy.elsclient - INFO - Sending GET request to https://api.elsevier.com/content/abstract/scopus_id/84872135457
2019-06-01 19:42:50,194 - elsapy.elsentity - INFO - Data loaded for https://api.elsevier.com/content/abstract/scopus_id/84872135457
2019-06-01 19:42:50,196 - elsapy.elsentity - INFO - Wrote https://api.elsevier.com/content/abstract/scopus_id/84872135457 to file
2019-06-01 19:42:51,199 - elsapy.elsclient - INFO - Sending GET request to https://api.elsevier.com/content/search/scopus?query=gene
2019-06-01 19:42:53,588 - elsapy.elsclient - INFO - Sending GET request to https://api.elsevier.com/content/search/scopus?start=25&count=25&query=gene
2019-06-01 19:42:55,976 - elsapy.elsclient - INFO - Sending GET request to https://api.elsevier.com/content/search/scopus?start=50&count=25&query=gene
2019-06-01 19:42:58,385 - elsapy.elsclient - INFO - Sending GET request to https://api.elsevier.com/content/search/scopus?start=75&count=25&query=gene
2019-06-01 19:43:00,828 - elsapy.elsclient - INFO - Sending GET request to https://api.elsevier.com/content/search/scopus?start=100&count=25&query=gene
2019-06-01 19:43:03,464 - elsapy.elsclient - INFO - Sending GET request to https://api.elsevier.com/content/search/scopus?start=125&count=25&query=gene
2019-06-01 19:43:06,016 - elsapy.elsclient - INFO - Sending GET request to https://api.elsevier.com/content/search/scopus?start=150&count=25&query=gene
2019-06-01 19:43:08,990 - elsapy.elsclient - INFO - Sending GET request to https://api.elsevier.com/content/search/scopus?start=175&count=25&query=gene
2019-06-01 19:43:12,025 - elsapy.elsclient - INFO - Sending GET request to https://api.elsevier.com/content/search/scopus?start=200&count=25&query=gene
2019-06-01 19:43:14,776 - elsapy.elsclient - INFO - Sending GET request to https://api.elsevier.com/content/search/scopus?start=225&count=25&query=gene
2019-06-01 19:43:25,608 - elsapy.elsclient - INFO - Sending GET request to https://api.elsevier.com/content/search/scopus?start=250&count=25&query=gene
2019-06-01 19:43:28,444 - elsapy.elsclient - INFO - Sending GET request to https://api.elsevier.com/content/search/scopus?start=275&count=25&query=gene
2019-06-01 19:43:31,273 - elsapy.elsclient - INFO - Sending GET request to https://api.elsevier.com/content/search/scopus?start=300&count=25&query=gene
2019-06-01 19:43:34,011 - elsapy.elsclient - INFO - Sending GET request to https://api.elsevier.com/content/search/scopus?start=325&count=25&query=gene
2019-06-01 19:43:36,794 - elsapy.elsclient - INFO - Sending GET request to https://api.elsevier.com/content/search/scopus?start=350&count=25&query=gene
2019-06-01 19:43:39,769 - elsapy.elsclient - INFO - Sending GET request to https://api.elsevier.com/content/search/scopus?start=375&count=25&query=gene
2019-06-01 19:43:43,052 - elsapy.elsclient - INFO - Sending GET request to https://api.elsevier.com/content/search/scopus?start=400&count=25&query=gene
2019-06-01 19:43:52,171 - elsapy.elsclient - INFO - Sending GET request to https://api.elsevier.com/content/search/scopus?start=425&count=25&query=gene
2019-06-01 19:43:55,041 - elsapy.elsclient - INFO - Sending GET request to https://api.elsevier.com/content/search/scopus?start=450&count=25&query=gene
2019-06-01 19:43:58,175 - elsapy.elsclient - INFO - Sending GET request to https://api.elsevier.com/content/search/scopus?start=475&count=25&query=gene
2019-06-01 19:44:09,551 - elsapy.elsclient - INFO - Sending GET request to https://api.elsevier.com/content/search/scopus?start=500&count=25&query=gene
2019-06-01 19:44:12,471 - elsapy.elsclient - INFO - Sending GET request to https://api.elsevier.com/content/search/scopus?start=525&count=25&query=gene
2019-06-01 19:44:15,422 - elsapy.elsclient - INFO - Sending GET request to https://api.elsevier.com/content/search/scopus?start=550&count=25&query=gene
2019-06-01 19:44:18,734 - elsapy.elsclient - INFO - Sending GET request to https://api.elsevier.com/content/search/scopus?start=575&count=25&query=gene
2019-06-01 19:44:22,292 - elsapy.elsclient - INFO - Sending GET request to https://api.elsevier.com/content/search/scopus?start=600&count=25&query=gene
2019-06-01 19:44:25,554 - elsapy.elsclient - INFO - Sending GET request to https://api.elsevier.com/content/search/scopus?start=625&count=25&query=gene
2019-06-01 19:44:29,008 - elsapy.elsclient - INFO - Sending GET request to https://api.elsevier.com/content/search/scopus?start=650&count=25&query=gene
2019-06-01 19:44:31,969 - elsapy.elsclient - INFO - Sending GET request to https://api.elsevier.com/content/search/scopus?start=675&count=25&query=gene
2019-06-01 19:44:35,309 - elsapy.elsclient - INFO - Sending GET request to https://api.elsevier.com/content/search/scopus?start=700&count=25&query=gene
2019-06-01 19:44:38,650 - elsapy.elsclient - INFO - Sending GET request to https://api.elsevier.com/content/search/scopus?start=725&count=25&query=gene
2019-06-01 19:44:42,015 - elsapy.elsclient - INFO - Sending GET request to https://api.elsevier.com/content/search/scopus?start=750&count=25&query=gene
2019-06-01 19:44:45,918 - elsapy.elsclient - INFO - Sending GET request to https://api.elsevier.com/content/search/scopus?start=775&count=25&query=gene
2019-06-01 19:44:49,574 - elsapy.elsclient - INFO - Sending GET request to https://api.elsevier.com/content/search/scopus?start=800&count=25&query=gene
2019-06-01 19:44:53,870 - elsapy.elsclient - INFO - Sending GET request to https://api.elsevier.com/content/search/scopus?start=825&count=25&query=gene
2019-06-01 19:44:56,991 - elsapy.elsclient - INFO - Sending GET request to https://api.elsevier.com/content/search/scopus?start=850&count=25&query=gene
2019-06-01 19:45:01,446 - elsapy.elsclient - INFO - Module loaded.
2019-06-01 19:45:01,447 - elsapy.elsentity - INFO - Module loaded.
2019-06-01 19:45:01,448 - elsapy.elsprofile - INFO - Module loaded.
2019-06-01 19:45:01,448 - elsapy.elsdoc - INFO - Module loaded.
2019-06-01 19:45:01,449 - elsapy.elssearch - INFO - Module loaded.
2019-06-01 19:45:02,448 - elsapy.elsclient - INFO - Sending GET request to https://api.elsevier.com/content/author/author_id/7004367821
2019-06-01 19:45:03,280 - elsapy.elsentity - WARNING - HTTP 401 Error from https://api.elsevier.com/content/author/author_id/7004367821
and using headers {'X-ELS-APIKey': '9d8d10a65c45d780252da98ba275f4c4', 'User-Agent': 'elsapy-v0.4.6', 'Accept': 'application/json'}:
{"service-error":{"status":{"statusCode":"AUTHORIZATION_ERROR","statusText":"The requestor is not authorized to access the requested view or fields of the resource"}}}
2019-06-01 19:45:04,280 - elsapy.elsclient - INFO - Sending GET request to https://api.elsevier.com/content/affiliation/affiliation_id/60101411
2019-06-01 19:45:05,345 - elsapy.elsentity - WARNING - HTTP 401 Error from https://api.elsevier.com/content/affiliation/affiliation_id/60101411
and using headers {'X-ELS-APIKey': '9d8d10a65c45d780252da98ba275f4c4', 'User-Agent': 'elsapy-v0.4.6', 'Accept': 'application/json'}:
{"service-error":{"status":{"statusCode":"AUTHORIZATION_ERROR","statusText":"The requestor is not authorized to access the requested view or fields of the resource"}}}
2019-06-01 19:45:06,345 - elsapy.elsclient - INFO - Sending GET request to https://api.elsevier.com/content/abstract/scopus_id/84872135457
2019-06-01 19:45:12,544 - elsapy.elsentity - INFO - Data loaded for https://api.elsevier.com/content/abstract/scopus_id/84872135457
2019-06-01 19:45:12,546 - elsapy.elsentity - INFO - Wrote https://api.elsevier.com/content/abstract/scopus_id/84872135457 to file
2019-06-01 19:45:13,546 - elsapy.elsclient - INFO - Sending GET request to https://api.elsevier.com/content/search/scopus?query=gene
2019-06-01 19:45:15,696 - elsapy.elsclient - INFO - Sending GET request to https://api.elsevier.com/content/search/scopus?start=25&count=25&query=gene
2019-06-01 19:45:17,999 - elsapy.elsclient - INFO - Sending GET request to https://api.elsevier.com/content/search/scopus?start=50&count=25&query=gene
2019-06-01 19:45:20,636 - elsapy.elsclient - INFO - Sending GET request to https://api.elsevier.com/content/search/scopus?start=75&count=25&query=gene
2019-06-01 19:45:23,382 - elsapy.elsclient - INFO - Sending GET request to https://api.elsevier.com/content/search/scopus?start=100&count=25&query=gene
2019-06-01 19:45:26,100 - elsapy.elsclient - INFO - Sending GET request to https://api.elsevier.com/content/search/scopus?start=125&count=25&query=gene
2019-06-01 19:45:28,577 - elsapy.elsclient - INFO - Sending GET request to https://api.elsevier.com/content/search/scopus?start=150&count=25&query=gene
2019-06-01 19:45:31,277 - elsapy.elsclient - INFO - Sending GET request to https://api.elsevier.com/content/search/scopus?start=175&count=25&query=gene
2019-06-01 19:45:34,232 - elsapy.elsclient - INFO - Sending GET request to https://api.elsevier.com/content/search/scopus?start=200&count=25&query=gene
2019-06-01 19:45:36,837 - elsapy.elsclient - INFO - Sending GET request to https://api.elsevier.com/content/search/scopus?start=225&count=25&query=gene
2019-06-01 19:45:39,497 - elsapy.elsclient - INFO - Sending GET request to https://api.elsevier.com/content/search/scopus?start=250&count=25&query=gene
2019-06-01 19:45:44,599 - elsapy.elsclient - INFO - Module loaded.
2019-06-01 19:45:44,600 - elsapy.elsentity - INFO - Module loaded.
2019-06-01 19:45:44,601 - elsapy.elsprofile - INFO - Module loaded.
2019-06-01 19:45:44,602 - elsapy.elsdoc - INFO - Module loaded.
2019-06-01 19:45:44,603 - elsapy.elssearch - INFO - Module loaded.
2019-06-01 19:45:45,599 - elsapy.elsclient - INFO - Sending GET request to https://api.elsevier.com/content/author/author_id/7004367821
2019-06-01 19:45:46,362 - elsapy.elsentity - WARNING - HTTP 401 Error from https://api.elsevier.com/content/author/author_id/7004367821
and using headers {'X-ELS-APIKey': '9d8d10a65c45d780252da98ba275f4c4', 'User-Agent': 'elsapy-v0.4.6', 'Accept': 'application/json'}:
{"service-error":{"status":{"statusCode":"AUTHORIZATION_ERROR","statusText":"The requestor is not authorized to access the requested view or fields of the resource"}}}
2019-06-01 19:45:47,362 - elsapy.elsclient - INFO - Sending GET request to https://api.elsevier.com/content/affiliation/affiliation_id/60101411
2019-06-01 19:45:48,259 - elsapy.elsentity - WARNING - HTTP 401 Error from https://api.elsevier.com/content/affiliation/affiliation_id/60101411
and using headers {'X-ELS-APIKey': '9d8d10a65c45d780252da98ba275f4c4', 'User-Agent': 'elsapy-v0.4.6', 'Accept': 'application/json'}:
{"service-error":{"status":{"statusCode":"AUTHORIZATION_ERROR","statusText":"The requestor is not authorized to access the requested view or fields of the resource"}}}
2019-06-01 19:46:52,030 - elsapy.elsclient - INFO - Module loaded.
2019-06-01 19:46:52,032 - elsapy.elsentity - INFO - Module loaded.
2019-06-01 19:46:52,033 - elsapy.elsprofile - INFO - Module loaded.
2019-06-01 19:46:52,039 - elsapy.elsdoc - INFO - Module loaded.
2019-06-01 19:46:52,042 - elsapy.elssearch - INFO - Module loaded.
2019-06-01 19:46:53,032 - elsapy.elsclient - INFO - Sending GET request to https://api.elsevier.com/content/author/author_id/7004367821
2019-06-01 19:46:53,853 - elsapy.elsentity - WARNING - HTTP 401 Error from https://api.elsevier.com/content/author/author_id/7004367821
and using headers {'X-ELS-APIKey': '9d8d10a65c45d780252da98ba275f4c4', 'User-Agent': 'elsapy-v0.4.6', 'Accept': 'application/json'}:
{"service-error":{"status":{"statusCode":"AUTHORIZATION_ERROR","statusText":"The requestor is not authorized to access the requested view or fields of the resource"}}}
2019-06-01 19:46:54,854 - elsapy.elsclient - INFO - Sending GET request to https://api.elsevier.com/content/affiliation/affiliation_id/60101411
2019-06-01 19:46:55,884 - elsapy.elsentity - WARNING - HTTP 401 Error from https://api.elsevier.com/content/affiliation/affiliation_id/60101411
and using headers {'X-ELS-APIKey': '9d8d10a65c45d780252da98ba275f4c4', 'User-Agent': 'elsapy-v0.4.6', 'Accept': 'application/json'}:
{"service-error":{"status":{"statusCode":"AUTHORIZATION_ERROR","statusText":"The requestor is not authorized to access the requested view or fields of the resource"}}}
2019-06-01 19:48:07,205 - elsapy.elsclient - INFO - Module loaded.
2019-06-01 19:48:07,207 - elsapy.elsentity - INFO - Module loaded.
2019-06-01 19:48:07,208 - elsapy.elsprofile - INFO - Module loaded.
2019-06-01 19:48:07,214 - elsapy.elsdoc - INFO - Module loaded.
2019-06-01 19:48:07,215 - elsapy.elssearch - INFO - Module loaded.
2019-06-01 19:48:08,206 - elsapy.elsclient - INFO - Sending GET request to https://api.elsevier.com/content/author/author_id/7004367821
2019-06-01 19:48:09,076 - elsapy.elsentity - WARNING - HTTP 401 Error from https://api.elsevier.com/content/author/author_id/7004367821
and using headers {'X-ELS-APIKey': '9d8d10a65c45d780252da98ba275f4c4', 'User-Agent': 'elsapy-v0.4.6', 'Accept': 'application/json'}:
{"service-error":{"status":{"statusCode":"AUTHORIZATION_ERROR","statusText":"The requestor is not authorized to access the requested view or fields of the resource"}}}
2019-06-01 19:48:10,081 - elsapy.elsclient - INFO - Sending GET request to https://api.elsevier.com/content/affiliation/affiliation_id/60101411
2019-06-01 19:48:11,224 - elsapy.elsentity - WARNING - HTTP 401 Error from https://api.elsevier.com/content/affiliation/affiliation_id/60101411
and using headers {'X-ELS-APIKey': '9d8d10a65c45d780252da98ba275f4c4', 'User-Agent': 'elsapy-v0.4.6', 'Accept': 'application/json'}:
{"service-error":{"status":{"statusCode":"AUTHORIZATION_ERROR","statusText":"The requestor is not authorized to access the requested view or fields of the resource"}}}
2019-06-01 19:48:12,225 - elsapy.elsclient - INFO - Sending GET request to https://api.elsevier.com/content/abstract/scopus_id/gene
2019-06-01 19:48:13,128 - elsapy.elsentity - WARNING - HTTP 404 Error from https://api.elsevier.com/content/abstract/scopus_id/gene
and using headers {'X-ELS-APIKey': '9d8d10a65c45d780252da98ba275f4c4', 'User-Agent': 'elsapy-v0.4.6', 'Accept': 'application/json'}:
{"service-error":{"status":{"statusCode":"RESOURCE_NOT_FOUND","statusText":"The resource specified cannot be found."}}}
2019-06-01 19:51:08,349 - elsapy.elsclient - INFO - Module loaded.
2019-06-01 19:51:08,358 - elsapy.elsentity - INFO - Module loaded.
2019-06-01 19:51:08,358 - elsapy.elsprofile - INFO - Module loaded.
2019-06-01 19:51:08,362 - elsapy.elsdoc - INFO - Module loaded.
2019-06-01 19:51:08,366 - elsapy.elssearch - INFO - Module loaded.
2019-06-01 19:51:09,355 - elsapy.elsclient - INFO - Sending GET request to https://api.elsevier.com/content/author/author_id/7004367821
2019-06-01 19:51:10,418 - elsapy.elsentity - WARNING - HTTP 401 Error from https://api.elsevier.com/content/author/author_id/7004367821
and using headers {'X-ELS-APIKey': '9d8d10a65c45d780252da98ba275f4c4', 'User-Agent': 'elsapy-v0.4.6', 'Accept': 'application/json'}:
{"service-error":{"status":{"statusCode":"AUTHORIZATION_ERROR","statusText":"The requestor is not authorized to access the requested view or fields of the resource"}}}
2019-06-01 19:51:11,423 - elsapy.elsclient - INFO - Sending GET request to https://api.elsevier.com/content/affiliation/affiliation_id/60101411
2019-06-01 19:51:12,459 - elsapy.elsentity - WARNING - HTTP 401 Error from https://api.elsevier.com/content/affiliation/affiliation_id/60101411
and using headers {'X-ELS-APIKey': '9d8d10a65c45d780252da98ba275f4c4', 'User-Agent': 'elsapy-v0.4.6', 'Accept': 'application/json'}:
{"service-error":{"status":{"statusCode":"AUTHORIZATION_ERROR","statusText":"The requestor is not authorized to access the requested view or fields of the resource"}}}
2019-06-01 19:51:13,460 - elsapy.elsclient - INFO - Sending GET request to https://api.elsevier.com/content/abstract/scopus_id/84872135457
2019-06-01 19:51:14,299 - elsapy.elsentity - INFO - Data loaded for https://api.elsevier.com/content/abstract/scopus_id/84872135457
2019-06-01 19:51:14,303 - elsapy.elsentity - INFO - Wrote https://api.elsevier.com/content/abstract/scopus_id/84872135457 to file
2019-06-01 19:51:15,304 - elsapy.elsclient - INFO - Sending GET request to https://api.elsevier.com/content/search/scopus?query=gene
2019-06-01 19:51:17,637 - elsapy.elsclient - INFO - Sending GET request to https://api.elsevier.com/content/search/scopus?start=25&count=25&query=gene
2019-06-01 19:51:19,896 - elsapy.elsclient - INFO - Sending GET request to https://api.elsevier.com/content/search/scopus?start=50&count=25&query=gene
2019-06-01 19:51:22,374 - elsapy.elsclient - INFO - Sending GET request to https://api.elsevier.com/content/search/scopus?start=75&count=25&query=gene
2019-06-01 19:51:25,051 - elsapy.elsclient - INFO - Sending GET request to https://api.elsevier.com/content/search/scopus?start=100&count=25&query=gene
2019-06-01 19:51:27,473 - elsapy.elsclient - INFO - Sending GET request to https://api.elsevier.com/content/search/scopus?start=125&count=25&query=gene
2019-06-01 19:51:30,093 - elsapy.elsclient - INFO - Sending GET request to https://api.elsevier.com/content/search/scopus?start=150&count=25&query=gene
2019-06-01 19:51:33,195 - elsapy.elsclient - INFO - Sending GET request to https://api.elsevier.com/content/search/scopus?start=175&count=25&query=gene
2019-06-01 19:51:36,026 - elsapy.elsclient - INFO - Sending GET request to https://api.elsevier.com/content/search/scopus?start=200&count=25&query=gene
2019-06-01 19:51:38,718 - elsapy.elsclient - INFO - Sending GET request to https://api.elsevier.com/content/search/scopus?start=225&count=25&query=gene
2019-06-01 19:51:41,367 - elsapy.elsclient - INFO - Sending GET request to https://api.elsevier.com/content/search/scopus?start=250&count=25&query=gene
2019-06-01 19:51:43,888 - elsapy.elsclient - INFO - Sending GET request to https://api.elsevier.com/content/search/scopus?start=275&count=25&query=gene
2019-06-01 19:51:46,673 - elsapy.elsclient - INFO - Sending GET request to https://api.elsevier.com/content/search/scopus?start=300&count=25&query=gene
2019-06-01 19:51:49,396 - elsapy.elsclient - INFO - Sending GET request to https://api.elsevier.com/content/search/scopus?start=325&count=25&query=gene
2019-06-01 19:51:52,037 - elsapy.elsclient - INFO - Sending GET request to https://api.elsevier.com/content/search/scopus?start=350&count=25&query=gene
2019-06-01 19:51:55,067 - elsapy.elsclient - INFO - Sending GET request to https://api.elsevier.com/content/search/scopus?start=375&count=25&query=gene
2019-06-01 19:51:58,030 - elsapy.elsclient - INFO - Sending GET request to https://api.elsevier.com/content/search/scopus?start=400&count=25&query=gene
2019-06-01 19:52:01,315 - elsapy.elsclient - INFO - Sending GET request to https://api.elsevier.com/content/search/scopus?start=425&count=25&query=gene
2019-06-01 19:52:04,779 - elsapy.elsclient - INFO - Sending GET request to https://api.elsevier.com/content/search/scopus?start=450&count=25&query=gene
2019-06-01 19:52:07,739 - elsapy.elsclient - INFO - Sending GET request to https://api.elsevier.com/content/search/scopus?start=475&count=25&query=gene
2019-06-01 19:52:10,557 - elsapy.elsclient - INFO - Sending GET request to https://api.elsevier.com/content/search/scopus?start=500&count=25&query=gene
2019-06-01 19:52:13,705 - elsapy.elsclient - INFO - Sending GET request to https://api.elsevier.com/content/search/scopus?start=525&count=25&query=gene
2019-06-01 19:52:16,580 - elsapy.elsclient - INFO - Sending GET request to https://api.elsevier.com/content/search/scopus?start=550&count=25&query=gene
2019-06-01 19:52:19,584 - elsapy.elsclient - INFO - Sending GET request to https://api.elsevier.com/content/search/scopus?start=575&count=25&query=gene
2019-06-01 19:52:22,627 - elsapy.elsclient - INFO - Sending GET request to https://api.elsevier.com/content/search/scopus?start=600&count=25&query=gene
2019-06-01 19:52:25,677 - elsapy.elsclient - INFO - Sending GET request to https://api.elsevier.com/content/search/scopus?start=625&count=25&query=gene
2019-06-01 19:52:28,721 - elsapy.elsclient - INFO - Sending GET request to https://api.elsevier.com/content/search/scopus?start=650&count=25&query=gene
2019-06-01 19:52:31,746 - elsapy.elsclient - INFO - Sending GET request to https://api.elsevier.com/content/search/scopus?start=675&count=25&query=gene
2019-06-01 19:52:34,862 - elsapy.elsclient - INFO - Sending GET request to https://api.elsevier.com/content/search/scopus?start=700&count=25&query=gene
2019-06-01 19:52:38,751 - elsapy.elsclient - INFO - Sending GET request to https://api.elsevier.com/content/search/scopus?start=725&count=25&query=gene
2019-06-01 19:52:42,166 - elsapy.elsclient - INFO - Sending GET request to https://api.elsevier.com/content/search/scopus?start=750&count=25&query=gene
2019-06-01 19:52:45,216 - elsapy.elsclient - INFO - Sending GET request to https://api.elsevier.com/content/search/scopus?start=775&count=25&query=gene
2019-06-01 19:52:48,458 - elsapy.elsclient - INFO - Sending GET request to https://api.elsevier.com/content/search/scopus?start=800&count=25&query=gene
2019-06-01 19:52:51,745 - elsapy.elsclient - INFO - Sending GET request to https://api.elsevier.com/content/search/scopus?start=825&count=25&query=gene
2019-06-01 19:52:54,927 - elsapy.elsclient - INFO - Sending GET request to https://api.elsevier.com/content/search/scopus?start=850&count=25&query=gene
2019-06-01 19:52:58,049 - elsapy.elsclient - INFO - Sending GET request to https://api.elsevier.com/content/search/scopus?start=875&count=25&query=gene
2019-06-01 19:53:01,255 - elsapy.elsclient - INFO - Sending GET request to https://api.elsevier.com/content/search/scopus?start=900&count=25&query=gene
2019-06-01 19:53:04,942 - elsapy.elsclient - INFO - Sending GET request to https://api.elsevier.com/content/search/scopus?start=925&count=25&query=gene
2019-06-01 19:53:08,375 - elsapy.elsclient - INFO - Sending GET request to https://api.elsevier.com/content/search/scopus?start=950&count=25&query=gene
2019-06-01 19:53:11,869 - elsapy.elsclient - INFO - Sending GET request to https://api.elsevier.com/content/search/scopus?start=975&count=25&query=gene
2019-06-01 19:53:15,177 - elsapy.elsclient - INFO - Sending GET request to https://api.elsevier.com/content/search/scopus?start=1000&count=25&query=gene
2019-06-01 19:53:18,572 - elsapy.elsclient - INFO - Sending GET request to https://api.elsevier.com/content/search/scopus?start=1025&count=25&query=gene
2019-06-01 19:53:22,118 - elsapy.elsclient - INFO - Sending GET request to https://api.elsevier.com/content/search/scopus?start=1050&count=25&query=gene
2019-06-01 19:53:25,320 - elsapy.elsclient - INFO - Sending GET request to https://api.elsevier.com/content/search/scopus?start=1075&count=25&query=gene
2019-06-01 19:53:28,870 - elsapy.elsclient - INFO - Sending GET request to https://api.elsevier.com/content/search/scopus?start=1100&count=25&query=gene
2019-06-01 19:53:32,281 - elsapy.elsclient - INFO - Sending GET request to https://api.elsevier.com/content/search/scopus?start=1125&count=25&query=gene
2019-06-01 19:53:35,589 - elsapy.elsclient - INFO - Sending GET request to https://api.elsevier.com/content/search/scopus?start=1150&count=25&query=gene
2019-06-01 19:53:38,958 - elsapy.elsclient - INFO - Sending GET request to https://api.elsevier.com/content/search/scopus?start=1175&count=25&query=gene
2019-06-01 19:53:42,439 - elsapy.elsclient - INFO - Sending GET request to https://api.elsevier.com/content/search/scopus?start=1200&count=25&query=gene
2019-06-01 19:53:45,723 - elsapy.elsclient - INFO - Sending GET request to https://api.elsevier.com/content/search/scopus?start=1225&count=25&query=gene
2019-06-01 19:53:49,241 - elsapy.elsclient - INFO - Sending GET request to https://api.elsevier.com/content/search/scopus?start=1250&count=25&query=gene
2019-06-01 19:53:53,029 - elsapy.elsclient - INFO - Sending GET request to https://api.elsevier.com/content/search/scopus?start=1275&count=25&query=gene
2019-06-01 19:53:56,713 - elsapy.elsclient - INFO - Sending GET request to https://api.elsevier.com/content/search/scopus?start=1300&count=25&query=gene
2019-06-01 19:54:00,262 - elsapy.elsclient - INFO - Sending GET request to https://api.elsevier.com/content/search/scopus?start=1325&count=25&query=gene
2019-06-01 19:54:04,436 - elsapy.elsclient - INFO - Sending GET request to https://api.elsevier.com/content/search/scopus?start=1350&count=25&query=gene
2019-06-01 19:54:08,821 - elsapy.elsclient - INFO - Sending GET request to https://api.elsevier.com/content/search/scopus?start=1375&count=25&query=gene
2019-06-01 19:54:12,502 - elsapy.elsclient - INFO - Sending GET request to https://api.elsevier.com/content/search/scopus?start=1400&count=25&query=gene
2019-06-01 19:54:16,566 - elsapy.elsclient - INFO - Sending GET request to https://api.elsevier.com/content/search/scopus?start=1425&count=25&query=gene
2019-06-01 19:54:19,995 - elsapy.elsclient - INFO - Sending GET request to https://api.elsevier.com/content/search/scopus?start=1450&count=25&query=gene
2019-06-01 19:54:23,763 - elsapy.elsclient - INFO - Sending GET request to https://api.elsevier.com/content/search/scopus?start=1475&count=25&query=gene
2019-06-01 19:54:27,291 - elsapy.elsclient - INFO - Sending GET request to https://api.elsevier.com/content/search/scopus?start=1500&count=25&query=gene
2019-06-01 19:54:31,122 - elsapy.elsclient - INFO - Sending GET request to https://api.elsevier.com/content/search/scopus?start=1525&count=25&query=gene
2019-06-01 19:54:35,309 - elsapy.elsclient - INFO - Sending GET request to https://api.elsevier.com/content/search/scopus?start=1550&count=25&query=gene
2019-06-01 19:56:08,299 - elsapy.elsclient - INFO - Module loaded.
2019-06-01 19:56:08,303 - elsapy.elsentity - INFO - Module loaded.
2019-06-01 19:56:08,304 - elsapy.elsprofile - INFO - Module loaded.
2019-06-01 19:56:08,306 - elsapy.elsdoc - INFO - Module loaded.
2019-06-01 19:56:08,309 - elsapy.elssearch - INFO - Module loaded.
2019-06-01 19:56:09,300 - elsapy.elsclient - INFO - Sending GET request to https://api.elsevier.com/content/author/author_id/7004367821
2019-06-01 19:56:10,377 - elsapy.elsentity - WARNING - HTTP 401 Error from https://api.elsevier.com/content/author/author_id/7004367821
and using headers {'X-ELS-APIKey': '9d8d10a65c45d780252da98ba275f4c4', 'User-Agent': 'elsapy-v0.4.6', 'Accept': 'application/json'}:
{"service-error":{"status":{"statusCode":"AUTHORIZATION_ERROR","statusText":"The requestor is not authorized to access the requested view or fields of the resource"}}}
2019-06-01 19:56:11,377 - elsapy.elsclient - INFO - Sending GET request to https://api.elsevier.com/content/affiliation/affiliation_id/60101411
2019-06-01 19:56:12,246 - elsapy.elsentity - WARNING - HTTP 401 Error from https://api.elsevier.com/content/affiliation/affiliation_id/60101411
and using headers {'X-ELS-APIKey': '9d8d10a65c45d780252da98ba275f4c4', 'User-Agent': 'elsapy-v0.4.6', 'Accept': 'application/json'}:
{"service-error":{"status":{"statusCode":"AUTHORIZATION_ERROR","statusText":"The requestor is not authorized to access the requested view or fields of the resource"}}}
2019-06-01 19:56:13,247 - elsapy.elsclient - INFO - Sending GET request to https://api.elsevier.com/content/abstract/scopus_id/84872135457
2019-06-01 19:56:14,154 - elsapy.elsentity - INFO - Data loaded for https://api.elsevier.com/content/abstract/scopus_id/84872135457
2019-06-01 19:56:14,157 - elsapy.elsentity - INFO - Wrote https://api.elsevier.com/content/abstract/scopus_id/84872135457 to file
2019-06-01 19:56:15,155 - elsapy.elsclient - INFO - Sending GET request to https://api.elsevier.com/content/search/scopus?query=gene
2019-06-01 19:57:11,150 - elsapy.elsclient - INFO - Module loaded.
2019-06-01 19:57:11,154 - elsapy.elsentity - INFO - Module loaded.
2019-06-01 19:57:11,154 - elsapy.elsprofile - INFO - Module loaded.
2019-06-01 19:57:11,156 - elsapy.elsdoc - INFO - Module loaded.
2019-06-01 19:57:11,158 - elsapy.elssearch - INFO - Module loaded.
2019-06-01 19:57:12,151 - elsapy.elsclient - INFO - Sending GET request to https://api.elsevier.com/content/author/author_id/7004367821
2019-06-01 19:57:12,971 - elsapy.elsentity - WARNING - HTTP 401 Error from https://api.elsevier.com/content/author/author_id/7004367821
and using headers {'X-ELS-APIKey': '9d8d10a65c45d780252da98ba275f4c4', 'User-Agent': 'elsapy-v0.4.6', 'Accept': 'application/json'}:
{"service-error":{"status":{"statusCode":"AUTHORIZATION_ERROR","statusText":"The requestor is not authorized to access the requested view or fields of the resource"}}}
2019-06-01 19:57:13,972 - elsapy.elsclient - INFO - Sending GET request to https://api.elsevier.com/content/affiliation/affiliation_id/60101411
2019-06-01 19:57:14,739 - elsapy.elsentity - WARNING - HTTP 401 Error from https://api.elsevier.com/content/affiliation/affiliation_id/60101411
and using headers {'X-ELS-APIKey': '9d8d10a65c45d780252da98ba275f4c4', 'User-Agent': 'elsapy-v0.4.6', 'Accept': 'application/json'}:
{"service-error":{"status":{"statusCode":"AUTHORIZATION_ERROR","statusText":"The requestor is not authorized to access the requested view or fields of the resource"}}}
2019-06-01 19:57:15,739 - elsapy.elsclient - INFO - Sending GET request to https://api.elsevier.com/content/abstract/scopus_id/84872135457
2019-06-01 19:57:16,596 - elsapy.elsentity - INFO - Data loaded for https://api.elsevier.com/content/abstract/scopus_id/84872135457
2019-06-01 19:57:16,598 - elsapy.elsentity - INFO - Wrote https://api.elsevier.com/content/abstract/scopus_id/84872135457 to file
2019-06-01 19:57:17,596 - elsapy.elsclient - INFO - Sending GET request to https://api.elsevier.com/content/search/scopus?query=gene
2019-06-01 19:58:25,549 - elsapy.elsclient - INFO - Module loaded.
2019-06-01 19:58:25,557 - elsapy.elsentity - INFO - Module loaded.
2019-06-01 19:58:25,574 - elsapy.elsprofile - INFO - Module loaded.
2019-06-01 19:58:25,577 - elsapy.elsdoc - INFO - Module loaded.
2019-06-01 19:58:25,578 - elsapy.elssearch - INFO - Module loaded.
2019-06-01 19:58:26,555 - elsapy.elsclient - INFO - Sending GET request to https://api.elsevier.com/content/author/author_id/7004367821
2019-06-01 19:58:27,354 - elsapy.elsentity - WARNING - HTTP 401 Error from https://api.elsevier.com/content/author/author_id/7004367821
and using headers {'X-ELS-APIKey': '9d8d10a65c45d780252da98ba275f4c4', 'User-Agent': 'elsapy-v0.4.6', 'Accept': 'application/json'}:
{"service-error":{"status":{"statusCode":"AUTHORIZATION_ERROR","statusText":"The requestor is not authorized to access the requested view or fields of the resource"}}}
2019-06-01 19:58:28,354 - elsapy.elsclient - INFO - Sending GET request to https://api.elsevier.com/content/affiliation/affiliation_id/60101411
2019-06-01 19:58:29,062 - elsapy.elsentity - WARNING - HTTP 401 Error from https://api.elsevier.com/content/affiliation/affiliation_id/60101411
and using headers {'X-ELS-APIKey': '9d8d10a65c45d780252da98ba275f4c4', 'User-Agent': 'elsapy-v0.4.6', 'Accept': 'application/json'}:
{"service-error":{"status":{"statusCode":"AUTHORIZATION_ERROR","statusText":"The requestor is not authorized to access the requested view or fields of the resource"}}}
2019-06-01 19:58:56,377 - elsapy.elsclient - INFO - Module loaded.
2019-06-01 19:58:56,378 - elsapy.elsentity - INFO - Module loaded.
2019-06-01 19:58:56,379 - elsapy.elsprofile - INFO - Module loaded.
2019-06-01 19:58:56,379 - elsapy.elsdoc - INFO - Module loaded.
2019-06-01 19:58:56,380 - elsapy.elssearch - INFO - Module loaded.
2019-06-01 19:58:57,383 - elsapy.elsclient - INFO - Sending GET request to https://api.elsevier.com/content/author/author_id/7004367821
2019-06-01 19:58:58,113 - elsapy.elsentity - WARNING - HTTP 401 Error from https://api.elsevier.com/content/author/author_id/7004367821
and using headers {'X-ELS-APIKey': '9d8d10a65c45d780252da98ba275f4c4', 'User-Agent': 'elsapy-v0.4.6', 'Accept': 'application/json'}:
{"service-error":{"status":{"statusCode":"AUTHORIZATION_ERROR","statusText":"The requestor is not authorized to access the requested view or fields of the resource"}}}
2019-06-01 19:58:59,114 - elsapy.elsclient - INFO - Sending GET request to https://api.elsevier.com/content/affiliation/affiliation_id/60101411
2019-06-01 19:59:00,063 - elsapy.elsentity - WARNING - HTTP 401 Error from https://api.elsevier.com/content/affiliation/affiliation_id/60101411
and using headers {'X-ELS-APIKey': '9d8d10a65c45d780252da98ba275f4c4', 'User-Agent': 'elsapy-v0.4.6', 'Accept': 'application/json'}:
{"service-error":{"status":{"statusCode":"AUTHORIZATION_ERROR","statusText":"The requestor is not authorized to access the requested view or fields of the resource"}}}
2019-06-01 19:59:01,064 - elsapy.elsclient - INFO - Sending GET request to gene
2019-06-01 19:59:01,065 - elsapy.elsentity - WARNING - Invalid URL 'gene': No schema supplied. Perhaps you meant http://gene?
